2024-01-17 15:07:31,765 - CoverFoxInsurance -INFO - launchCoverFox
2024-01-17 15:09:45,108 - CoverFoxInsurance -INFO - launchCoverFox
2024-01-17 15:11:17,716 - CoverFoxInsurance -INFO - launchCoverFox
2024-01-17 15:11:49,531 - CoverFoxInsurance -INFO - clicking on gender button 
2024-01-17 15:11:51,332 - CoverFoxInsurance -INFO - clicking on next button 
2024-01-17 15:11:52,423 - CoverFoxInsurance -INFO - Handeling age drop down 
2024-01-17 15:11:53,682 - CoverFoxInsurance -INFO - Clicking on next button  
2024-01-17 15:11:54,797 - CoverFoxInsurance -INFO - Entering pin code  
2024-01-17 15:11:54,979 - CoverFoxInsurance -INFO - Entering mobile num
2024-01-17 15:11:55,121 - CoverFoxInsurance -INFO - Clicking on continue button 
2024-01-17 15:41:55,632 - CoverFoxInsurance -INFO - launchCoverFox
2024-01-17 15:42:01,575 - CoverFoxInsurance -INFO - clicking on gender button 
2024-01-17 15:42:03,227 - CoverFoxInsurance -INFO - clicking on next button 
2024-01-17 15:42:04,311 - CoverFoxInsurance -INFO - Handeling age drop down 
2024-01-17 15:42:05,719 - CoverFoxInsurance -INFO - Clicking on next button  
2024-01-17 15:42:06,799 - CoverFoxInsurance -INFO - Entering pin code  
2024-01-17 15:42:06,974 - CoverFoxInsurance -INFO - Entering mobile num
2024-01-17 15:42:07,085 - CoverFoxInsurance -ERROR - Clicking on continue button 
2024-01-17 16:17:20,882 - CoverFoxInsurance -INFO - launchCoverFox
2024-01-17 16:17:50,183 - CoverFoxInsurance -INFO - clicking on gender button 
2024-01-17 16:17:51,905 - CoverFoxInsurance -INFO - clicking on next button 
2024-01-17 16:17:52,988 - CoverFoxInsurance -INFO - Handeling age drop down 
2024-01-17 16:17:54,251 - CoverFoxInsurance -INFO - Clicking on next button  
2024-01-17 16:17:55,340 - CoverFoxInsurance -INFO - Entering pin code  
2024-01-17 16:17:55,531 - CoverFoxInsurance -INFO - Entering mobile num
2024-01-17 16:17:55,659 - CoverFoxInsurance -ERROR - Clicking on continue button 
2024-01-17 16:18:01,763 - CoverFoxInsurance -INFO - Fetching number of results from text 
2024-01-17 16:18:08,867 - CoverFoxInsurance -INFO - Fetching number of results from Banners 
2024-01-17 16:22:03,726 - CoverFoxInsurance -INFO - launchCoverFox
2024-01-17 16:22:29,152 - CoverFoxInsurance -INFO - clicking on gender button 
2024-01-17 16:22:30,830 - CoverFoxInsurance -INFO - clicking on next button 
2024-01-17 16:22:31,900 - CoverFoxInsurance -INFO - Handeling age drop down 
2024-01-17 16:22:32,976 - CoverFoxInsurance -INFO - Clicking on next button  
2024-01-17 16:22:34,038 - CoverFoxInsurance -INFO - Entering pin code  
2024-01-17 16:22:34,225 - CoverFoxInsurance -INFO - Entering mobile num
2024-01-17 16:22:34,335 - CoverFoxInsurance -ERROR - Clicking on continue button 
2024-01-17 16:22:40,444 - CoverFoxInsurance -INFO - Fetching number of results from text 
2024-01-17 16:22:47,542 - CoverFoxInsurance -INFO - Fetching number of results from Banners 
2024-01-17 16:22:48,616 - CoverFoxInsurance -INFO - Fetching number of results from Banners 
2024-01-17 16:23:37,049 - CoverFoxInsurance -INFO - launchCoverFox
2024-01-17 16:23:48,730 - CoverFoxInsurance -INFO - clicking on gender button 
2024-01-17 16:23:50,437 - CoverFoxInsurance -INFO - clicking on next button 
2024-01-17 16:23:51,511 - CoverFoxInsurance -INFO - Handeling age drop down 
2024-01-17 16:23:52,497 - CoverFoxInsurance -INFO - Clicking on next button  
2024-01-17 16:23:53,599 - CoverFoxInsurance -INFO - Entering pin code  
2024-01-17 16:23:53,780 - CoverFoxInsurance -INFO - Entering mobile num
2024-01-17 16:23:53,892 - CoverFoxInsurance -ERROR - Clicking on continue button 
2024-01-17 16:23:59,986 - CoverFoxInsurance -INFO - Fetching number of results from text 
2024-01-17 16:24:07,059 - CoverFoxInsurance -INFO - Fetching number of results from Banners 
2024-01-17 16:24:08,118 - CoverFoxInsurance -INFO - Fetching number of results from Banners 
2024-01-17 16:24:58,486 - CoverFoxInsurance -INFO - launchCoverFox
2024-01-17 16:25:04,116 - CoverFoxInsurance -INFO - clicking on gender button 
2024-01-17 16:25:05,746 - CoverFoxInsurance -INFO - clicking on next button 
2024-01-17 16:25:06,875 - CoverFoxInsurance -INFO - Handeling age drop down 
2024-01-17 16:25:07,975 - CoverFoxInsurance -INFO - Clicking on next button  
2024-01-17 16:25:09,051 - CoverFoxInsurance -INFO - Entering pin code  
2024-01-17 16:25:09,219 - CoverFoxInsurance -INFO - Entering mobile num
2024-01-17 16:25:09,336 - CoverFoxInsurance -ERROR - Clicking on continue button 
2024-01-17 16:25:15,423 - CoverFoxInsurance -INFO - Fetching number of results from text 
2024-01-17 16:25:22,502 - CoverFoxInsurance -INFO - Fetching number of results from Banners 
2024-01-17 16:25:23,560 - CoverFoxInsurance -INFO - Fetching number of results from Banners 
2024-01-17 21:57:57,491 - CoverFoxInsurance -INFO - launchCoverFox
2024-01-17 21:58:08,370 - CoverFoxInsurance -INFO - clicking on gender button 
2024-01-17 21:58:10,514 - CoverFoxInsurance -INFO - clicking on next button 
2024-01-17 22:05:32,263 - CoverFoxInsurance -INFO - launchCoverFox
2024-01-17 22:05:38,182 - CoverFoxInsurance -INFO - clicking on gender button 
2024-01-17 22:05:40,100 - CoverFoxInsurance -INFO - clicking on next button 
2024-01-17 22:05:41,191 - CoverFoxInsurance -INFO - Handeling age drop down 
2024-01-17 22:05:41,399 - CoverFoxInsurance -INFO - Clicking on next button  
2024-01-17 22:05:42,486 - CoverFoxInsurance -INFO - Entering pin code  
2024-01-17 22:05:42,597 - CoverFoxInsurance -INFO - Entering mobile num
2024-01-17 22:05:42,774 - CoverFoxInsurance -ERROR - Clicking on continue button 
2024-01-17 22:05:48,925 - CoverFoxInsurance -INFO - Fetching number of results from text 
2024-01-17 22:05:55,976 - CoverFoxInsurance -INFO - Fetching number of results from Banners 
2024-01-17 22:05:57,042 - CoverFoxInsurance -INFO - Fetching number of results from Banners 
2024-01-17 22:50:52,264 - CoverFoxInsurance -INFO - launchCoverFox
2024-01-17 22:51:07,957 - CoverFoxInsurance -INFO - clicking on gender button 
2024-01-17 22:51:11,525 - CoverFoxInsurance -INFO - clicking on next button 
2024-01-17 22:51:12,639 - CoverFoxInsurance -INFO - Handeling age drop down 
2024-01-17 22:51:12,867 - CoverFoxInsurance -INFO - Clicking on next button  
2024-01-17 22:51:13,946 - CoverFoxInsurance -INFO - Entering pin code  
2024-01-17 22:51:14,087 - CoverFoxInsurance -INFO - Entering mobile num
2024-01-17 22:51:14,173 - CoverFoxInsurance -ERROR - Clicking on continue button 
2024-01-17 22:51:20,280 - CoverFoxInsurance -INFO - Fetching number of results from text 
2024-01-17 22:51:27,345 - CoverFoxInsurance -INFO - Fetching number of results from Banners 
2024-01-17 22:51:28,419 - CoverFoxInsurance -INFO - Fetching number of results from Banners 
2024-01-17 22:57:31,854 - CoverFoxInsurance -INFO - launchCoverFox
2024-01-17 22:57:39,862 - CoverFoxInsurance -INFO - clicking on gender button 
2024-01-17 22:57:41,784 - CoverFoxInsurance -INFO - clicking on next button 
2024-01-17 22:57:42,933 - CoverFoxInsurance -INFO - Handeling age drop down 
2024-01-17 22:57:43,216 - CoverFoxInsurance -INFO - Clicking on next button  
2024-01-17 22:57:44,381 - CoverFoxInsurance -INFO - Entering pin code  
2024-01-17 22:57:44,652 - CoverFoxInsurance -INFO - Entering mobile num
2024-01-17 22:57:44,899 - CoverFoxInsurance -ERROR - Clicking on continue button 
2024-01-17 22:57:51,265 - CoverFoxInsurance -INFO - Fetching number of results from text 
2024-01-17 22:57:58,326 - CoverFoxInsurance -INFO - Fetching number of results from Banners 
2024-01-17 22:57:59,366 - CoverFoxInsurance -INFO - Fetching number of results from Banners 
2024-01-17 23:00:18,404 - CoverFoxInsurance -INFO - launchCoverFox
2024-01-17 23:00:24,771 - CoverFoxInsurance -INFO - clicking on gender button 
2024-01-17 23:00:26,907 - CoverFoxInsurance -INFO - clicking on next button 
2024-01-17 23:00:28,017 - CoverFoxInsurance -INFO - Handeling age drop down 
2024-01-17 23:00:28,194 - CoverFoxInsurance -INFO - Clicking on next button  
2024-01-17 23:00:29,272 - CoverFoxInsurance -INFO - Entering pin code  
2024-01-17 23:00:29,425 - CoverFoxInsurance -INFO - Entering mobile num
2024-01-17 23:00:29,576 - CoverFoxInsurance -ERROR - Clicking on continue button 
2024-01-17 23:00:35,803 - CoverFoxInsurance -INFO - Fetching number of results from text 
2024-01-17 23:00:42,856 - CoverFoxInsurance -INFO - Fetching number of results from Banners 
2024-01-17 23:00:43,899 - CoverFoxInsurance -INFO - Fetching number of results from Banners 
2024-01-18 09:03:56,983 - CoverFoxInsurance -INFO - launchCoverFox
2024-01-18 09:04:03,537 - CoverFoxInsurance -INFO - clicking on gender button 
2024-01-18 09:04:05,173 - CoverFoxInsurance -INFO - clicking on next button 
2024-01-18 09:04:06,312 - CoverFoxInsurance -INFO - Handeling age drop down 
2024-01-18 09:04:06,534 - CoverFoxInsurance -INFO - Clicking on next button  
2024-01-18 09:04:07,603 - CoverFoxInsurance -INFO - Entering pin code  
2024-01-18 09:04:07,750 - CoverFoxInsurance -INFO - Entering mobile num
2024-01-18 09:04:07,879 - CoverFoxInsurance -ERROR - Clicking on continue button 
2024-01-18 09:04:13,992 - CoverFoxInsurance -INFO - Fetching number of results from text 
2024-01-18 09:04:21,105 - CoverFoxInsurance -INFO - Fetching number of results from Banners 
2024-01-18 09:04:22,137 - CoverFoxInsurance -INFO - Fetching number of results from Banners 
2024-01-18 09:17:35,479 - CoverFoxInsurance -INFO - launchCoverFox
2024-01-18 09:17:41,122 - CoverFoxInsurance -INFO - clicking on gender button 
2024-01-18 09:17:42,864 - CoverFoxInsurance -INFO - clicking on next button 
2024-01-18 09:17:43,973 - CoverFoxInsurance -INFO - Handeling age drop down 
2024-01-18 09:17:44,213 - CoverFoxInsurance -INFO - Clicking on next button  
2024-01-18 09:17:45,279 - CoverFoxInsurance -INFO - Entering pin code  
2024-01-18 09:17:45,425 - CoverFoxInsurance -INFO - Entering mobile num
2024-01-18 09:17:45,501 - CoverFoxInsurance -ERROR - Clicking on continue button 
2024-01-18 09:17:51,619 - CoverFoxInsurance -INFO - Fetching number of results from text 
2024-01-18 09:17:58,709 - CoverFoxInsurance -INFO - Fetching number of results from Banners 
2024-01-18 09:17:59,739 - CoverFoxInsurance -INFO - Fetching number of results from Banners 
2024-01-18 09:47:14,981 - CoverFoxInsurance -INFO - launchCoverFox
2024-01-18 09:47:21,161 - CoverFoxInsurance -INFO - clicking on gender button 
2024-01-18 09:47:22,810 - CoverFoxInsurance -INFO - clicking on next button 
2024-01-18 09:47:23,917 - CoverFoxInsurance -INFO - Handeling age drop down 
2024-01-18 09:47:25,603 - CoverFoxInsurance -INFO - Clicking on next button  
2024-01-18 09:47:26,700 - CoverFoxInsurance -INFO - Entering pin code  
2024-01-18 09:47:26,884 - CoverFoxInsurance -INFO - Entering mobile num
2024-01-18 09:47:27,036 - CoverFoxInsurance -ERROR - Clicking on continue button 
2024-01-18 09:47:33,182 - CoverFoxInsurance -INFO - Fetching number of results from text 
2024-01-18 09:47:40,286 - CoverFoxInsurance -INFO - Fetching number of results from Banners 
2024-01-18 09:47:41,314 - CoverFoxInsurance -INFO - Fetching number of results from Banners 
2024-01-18 09:55:32,442 - CoverFoxInsurance -INFO - launchCoverFox
2024-01-18 09:55:38,332 - CoverFoxInsurance -INFO - clicking on gender button 
2024-01-18 09:55:39,961 - CoverFoxInsurance -INFO - clicking on next button 
2024-01-18 09:55:41,068 - CoverFoxInsurance -INFO - Handeling age drop down 
2024-01-18 09:55:42,366 - CoverFoxInsurance -INFO - Clicking on next button  
2024-01-18 09:55:43,461 - CoverFoxInsurance -INFO - Entering pin code  
2024-01-18 09:55:43,641 - CoverFoxInsurance -INFO - Entering mobile num
2024-01-18 09:55:43,781 - CoverFoxInsurance -ERROR - Clicking on continue button 
2024-01-18 09:55:49,890 - CoverFoxInsurance -INFO - Fetching number of results from text 
2024-01-18 09:55:56,942 - CoverFoxInsurance -INFO - Fetching number of results from Banners 
2024-01-18 09:55:57,977 - CoverFoxInsurance -INFO - Fetching number of results from Banners 
2024-01-18 10:05:41,281 - CoverFoxInsurance -INFO - launchCoverFox
2024-01-18 10:05:49,981 - CoverFoxInsurance -INFO - clicking on gender button 
2024-01-18 10:05:51,621 - CoverFoxInsurance -INFO - clicking on next button 
2024-01-18 10:05:52,727 - CoverFoxInsurance -INFO - Handeling age drop down 
2024-01-18 10:05:53,985 - CoverFoxInsurance -INFO - Clicking on next button  
2024-01-18 10:05:55,094 - CoverFoxInsurance -INFO - Entering pin code  
2024-01-18 10:05:55,261 - CoverFoxInsurance -INFO - Entering mobile num
2024-01-18 10:05:55,442 - CoverFoxInsurance -ERROR - Clicking on continue button 
2024-01-18 10:06:01,559 - CoverFoxInsurance -INFO - Fetching number of results from text 
2024-01-18 10:06:08,770 - CoverFoxInsurance -INFO - Fetching number of results from Banners 
2024-01-18 10:06:09,815 - CoverFoxInsurance -INFO - Fetching number of results from Banners 
